<?xml version="1.0" encoding="UTF-8"?>
<!-- Generated by org.testng.reporters.JUnitReportReporter -->
<testsuite hostname="XIPL91151" failures="0" tests="1" name="UI_Automation.LoginTest" time="15.117" errors="0" timestamp="2022-09-26T12:24:22 IST" skipped="0">
  <testcase classname="UI_Automation.LoginTest" name="loginTest" time="15.117"/>
  <system-out/>
</testsuite> <!-- UI_Automation.LoginTest -->
