<?xml version="1.0" encoding="UTF-8"?>
<!-- Generated by org.testng.reporters.JUnitReportReporter -->
<testsuite hostname="XIPL91151" failures="0" tests="1" name="UI_Automation.FragranceProductCheckoutTest" time="14.528" errors="0" timestamp="2022-09-26T12:35:45 IST" skipped="0">
  <testcase classname="UI_Automation.FragranceProductCheckoutTest" name="checkoutFlow" time="14.528"/>
  <system-out/>
</testsuite> <!-- UI_Automation.FragranceProductCheckoutTest -->
