<?xml version="1.0" encoding="UTF-8"?>
<!-- Generated by org.testng.reporters.JUnitReportReporter -->
<testsuite hostname="XIPL91151" failures="0" tests="1" name="UI_Automation.RegisterNewUserTest" time="16.464" errors="0" timestamp="2022-09-26T13:16:01 IST" skipped="0">
  <testcase classname="UI_Automation.RegisterNewUserTest" name="loginTest" time="16.464"/>
  <system-out/>
</testsuite> <!-- UI_Automation.RegisterNewUserTest -->
